android/proguard/seeds.txt
com.softnuke.biosleep.android.AndroidLauncher
com.softnuke.biosleep.android.AndroidLauncher: AndroidLauncher()
com.softnuke.biosleep.android.R$drawable: int ic_launcher
com.softnuke.biosleep.android.R$mipmap: int ic_launcher
com.softnuke.biosleep.android.R$string: int app_desc
com.softnuke.biosleep.android.R$string: int app_name
com.softnuke.biosleep.android.R$style: int GdxTheme
...
com.badlogic.gdx.backends.android.surfaceview.GLSurfaceView20API18$ConfigChooser
com.badlogic.gdx.backends.android.surfaceview.GLSurfaceView20API18$ConfigChooser: int EGL_OPENGL_ES2_BIT
com.badlogic.gdx.backends.android.surfaceview.GLSurfaceView20API18$ConfigChooser: int[] s_configAttribs2
com.badlogic.gdx.backends.android.surfaceview.GLSurfaceView20API18$ConfigChooser: int mRedSize
com.badlogic.gdx.backends.android.surfaceview.GLSurfaceView20API18$ConfigChooser: int mGreenSize
com.badlogic.gdx.backends.android.surfaceview.GLSurfaceView20API18$ConfigChooser: int mBlueSize
com.badlogic.gdx.backends.android.surfaceview.GLSurfaceView20API18$ConfigChooser: int mAlphaSize
com.badlogic.gdx.backends.android.surfaceview.GLSurfaceView20API18$ConfigChooser: int mDepthSize
com.badlogic.gdx.backends.android.surfaceview.GLSurfaceView20API18$ConfigChooser: int mStencilSize
com.badlogic.gdx.backends.android.surfaceview.GLSurfaceView20API18$ConfigChooser: int[] mValue
com.badlogic.gdx.backends.android.surfaceview.GLSurfaceView20API18$ConfigChooser: GLSurfaceView20API18$ConfigChooser(int,int,int,int,int,int)
com.badlogic.gdx.backends.android.surfaceview.GLSurfaceView20API18$ConfigChooser: javax.microedition.khronos.egl.EGLConfig chooseConfig(javax.microedition.khronos.egl.EGL10,javax.microedition.khronos.egl.EGLDisplay)
com.badlogic.gdx.backends.android.surfaceview.GLSurfaceView20API18$ContextFactory
com.badlogic.gdx.backends.android.surfaceview.GLSurfaceView20API18$ContextFactory: int EGL_CONTEXT_CLIENT_VERSION
com.badlogic.gdx.backends.android.surfaceview.GLSurfaceView20API18$ContextFactory: GLSurfaceView20API18$ContextFactory()
com.badlogic.gdx.backends.android.surfaceview.GLSurfaceView20API18$ContextFactory: javax.microedition.khronos.egl.EGLContext createContext(javax.microedition.khronos.egl.EGL10,javax.microedition.khronos.egl.EGLDisplay,javax.microedition.khronos.egl.EGLConfig)
com.badlogic.gdx.backends.android.surfaceview.GLSurfaceView20API18$ContextFactory: void destroyContext(javax.microedition.khronos.egl.EGL10,javax.microedition.khronos.egl.EGLDisplay,javax.microedition.khronos.egl.EGLContext)
com.badlogic.gdx.backends.android.surfaceview.GLSurfaceView20API18$ContextFactory: void <clinit>()
com.badlogic.gdx.backends.android.surfaceview.GLSurfaceViewAPI18
com.badlogic.gdx.backends.android.surfaceview.GLSurfaceViewAPI18: java.lang.String TAG
com.badlogic.gdx.backends.android.surfaceview.GLSurfaceViewAPI18: boolean LOG_ATTACH_DETACH
com.badlogic.gdx.backends.android.surfaceview.GLSurfaceViewAPI18: boolean LOG_THREADS
com.badlogic.gdx.backends.android.surfaceview.GLSurfaceViewAPI18: boolean LOG_PAUSE_RESUME
com.badlogic.gdx.backends.android.surfaceview.GLSurfaceViewAPI18: boolean LOG_SURFACE
com.badlogic.gdx.backends.android.surfaceview.GLSurfaceViewAPI18: boolean LOG_RENDERER
com.badlogic.gdx.backends.android.surfaceview.GLSurfaceViewAPI18: boolean LOG_RENDERER_DRAW_FRAME
com.badlogic.gdx.backends.android.surfaceview.GLSurfaceViewAPI18: boolean LOG_EGL
com.badlogic.gdx.backends.android.surfaceview.GLSurfaceViewAPI18: int RENDERMODE_WHEN_DIRTY
com.badlogic.gdx.backends.android.surfaceview.GLSurfaceViewAPI18: int RENDERMODE_CONTINUOUSLY
com.badlogic.gdx.backends.android.surfaceview.GLSurfaceViewAPI18: int DEBUG_CHECK_GL_ERROR
com.badlogic.gdx.backends.android.surfaceview.GLSurfaceViewAPI18: int DEBUG_LOG_GL_CALLS
com.badlogic.gdx.backends.android.surfaceview.GLSurfaceViewAPI18: com.badlogic.gdx.backends.android.surfaceview.GLSurfaceViewAPI18$GLThreadManager sGLThreadManager
com.badlogic.gdx.backends.android.surfaceview.GLSurfaceViewAPI18: java.lang.ref.WeakReference mThisWeakRef
com.badlogic.gdx.backends.android.surfaceview.GLSurfaceViewAPI18$1