android/proguard/mapping.txt
com.softnuke.biosleep.android.AndroidLauncher -> com.softnuke.biosleep.android.AndroidLauncher:
    android.app.AlertDialog$Builder alertBuilder -> a
    com.badlogic.gdx.utils.Array listeners -> b
    32:76:void onCreate(android.os.Bundle) -> onCreate
    92:92:void signIn() -> a
    106:117:void rateGame() -> b
    123:139:void shareScore(int) -> a
    156:156:boolean isSignedIn() -> c
    163:163:void getAchievementsGPGS() -> d
    175:175:void loadAd() -> e
    187:187:void appInvite() -> f
    193:193:void setTrackerScreen(java.lang.String) -> a
    199:199:void removeAds() -> g
    204:204:boolean isAdsRemoved() -> h
    209:219:void showToast(java.lang.String,boolean) -> a
    222:223:void sendEvent(int) -> b
    226:229:void sendEvent(int,java.lang.Object) -> a
    233:236:void registerActionListener(com.softnuke.biosleep.ActionListener) -> a
    240:241:void unRegisterActionListener(com.softnuke.biosleep.ActionListener) -> b
    245:253:void exitApp() -> i
    260:263:void openTwitter() -> j
    281:281:void isOnline() -> k
com.softnuke.biosleep.android.AndroidLauncher$1 -> com.softnuke.biosleep.android.a:
    com.softnuke.biosleep.android.AndroidLauncher this$0 -> a
    67:68:void onClick(android.content.DialogInterface,int) -> onClick
com.softnuke.biosleep.android.AndroidLauncher$2 -> com.softnuke.biosleep.android.b:
    com.softnuke.biosleep.android.AndroidLauncher this$0 -> a
    73:74:void onClick(android.content.DialogInterface,int) -> onClick
com.softnuke.biosleep.android.AndroidLauncher$3 -> com.softnuke.biosleep.android.c:
    com.softnuke.biosleep.android.AndroidLauncher this$0 -> a
    java.lang.String val$message -> b
    int val$duration -> c
    216:217:void run() -> run
com.softnuke.biosleep.android.AndroidLauncher$4 -> com.softnuke.biosleep.android.d:
    com.softnuke.biosleep.android.AndroidLauncher this$0 -> a
    248:250:void run() -> run
...
com.badlogic.gdx.math.Interpolation$SwingOut -> com.badlogic.gdx.math.ad:
    float scale -> J
    377:378:float apply(float) -> a
com.badlogic.gdx.math.MathUtils -> com.badlogic.gdx.math.ae:
    int ATAN2_DIM -> a
    float INV_ATAN2_DIM_MINUS_1 -> c
    java.util.Random random -> b
    63:63:float sin(float) -> a
    68:68:float cos(float) -> b
    73:73:float sinDeg(float) -> c
    78:78:float cosDeg(float) -> d
    137:137:int random(int) -> a
    167:167:float random() -> a
    172:172:float random(float) -> e
    177:177:float random(float,float) -> a
    228:235:int nextPowerOfTwo(int) -> b
    239:239:boolean isPowerOfTwo(int) -> c
    251:253:int clamp(int,int,int) -> a
    263:265:float clamp(float,float,float) -> a
    339:339:boolean isEqual(float,float) -> b
com.badlogic.gdx.math.MathUtils$Sin -> com.badlogic.gdx.math.af:
    float[] table -> a
com.badlogic.gdx.math.Matrix3 -> com.badlogic.gdx.math.ag:
    float[] val -> a
    float[] tmp -> b
    60:70:com.badlogic.gdx.math.Matrix3 idt() -> a
    272:273:java.lang.String toString() -> toString
com.badlogic.gdx.math.Matrix4 -> com.badlogic.gdx.math.Matrix4:
    float[] tmp -> l
    float[] val -> a
    com.badlogic.gdx.math.Quaternion quat -> b
    com.badlogic.gdx.math.Quaternion quat2 -> c
    com.badlogic.gdx.math.Vector3 l_vez -> d
    com.badlogic.gdx.math.Vector3 l_vex -> e
    com.badlogic.gdx.math.Vector3 l_vey -> f
    com.badlogic.gdx.math.Vector3 tmpVec -> g
    com.badlogic.gdx.math.Matrix4 tmpMat -> h
    com.badlogic.gdx.math.Vector3 right -> i
    com.badlogic.gdx.math.Vector3 tmpForward -> j
    com.badlogic.gdx.math.Vector3 tmpUp -> k
    117:117:com.badlogic.gdx.math.Matrix4 set(com.badlogic.gdx.math.Matrix4) -> a
    127:128:com.badlogic.gdx.math.Matrix4 set(float[]) -> a
    203:203:com.badlogic.gdx.math.Matrix4 set(com.badlogic.gdx.math.Vector3,com.badlogic.gdx.math.Quaternion,com.badlogic.gdx.math.Vector3) -> a
    222:246:com.badlogic.gdx.math.Matrix4 set(float,float,float,float,float,float,float,float,float,float) -> a
    319:320:com.badlogic.gdx.math.Matrix4 mul(com.badlogic.gdx.math.Matrix4) -> b
    364:380:com.badlogic.gdx.math.Matrix4 idt() -> a
    388:447:com.badlogic.gdx.math.Matrix4 inv() -> b
    550:551:com.badlogic.gdx.math.Matrix4 setToOrtho2D(float,float,float,float) -> a
    581:607:com.badlogic.gdx.math.Matrix4 setToOrtho(float,float,float,float,float,float) -> a
    655:659:com.badlogic.gdx.math.Matrix4 setToTranslation(float,float,float) -> a
com.badlogic.gdx.math.Plane -> com.badlogic.gdx.math.ah:
    com.badlogic.gdx.math.Vector3 normal -> a
    float d -> b
    80:82:void set(com.badlogic.gdx.math.Vector3,com.badlogic.gdx.math.Vector3,com.badlogic.gdx.math.Vector3) -> a
    180:180:java.lang.String toString() -> toString
com.badlogic.gdx.math.Polygon -> com.badlogic.gdx.math.ai:
    float[] localVertices -> a
    float[] worldVertices -> b
    float x -> c
    float y -> d
    float originX -> e
    float originY -> f
    float rotation -> g
    float scaleX -> h
    float scaleY -> i
    boolean dirty -> j
    56:94:float[] getTransformedVertices() -> a
    106:109:void setPosition(float,float) -> a
com.badlogic.gdx.math.Polyline -> com.badlogic.gdx.math.aj:
    float[] localVertices -> a
    float[] worldVertices -> b
    float x -> c
    float y -> d
    float originX -> e
    float originY -> f
    float rotation -> g
    float scaleX -> h
    float scaleY -> i
    boolean calculateScaledLength -> j
    boolean calculateLength -> k
    boolean dirty -> l
    48:86:float[] getTransformedVertices() -> a
    154:157:void setPosition(float,float) -> a