android/proguard/usage.txt
com.softnuke.biosleep.android.AndroidLauncher:
    80:85:public java.lang.String getID()
    98:98:public void signOut()
    145:145:public void submitLeaderboard(long)
    151:151:public void showLeaderboard()
    169:169:public void unlockAchievementGPGS(java.lang.String)
    181:181:public void showAd()
    269:269:public void showVideoAd()
    275:275:public void sendStats(int,int,int,int)
com.softnuke.biosleep.android.BuildConfig
com.softnuke.biosleep.android.R
com.softnuke.biosleep.android.R$attr
com.softnuke.biosleep.android.R$drawable
com.softnuke.biosleep.android.R$mipmap
com.softnuke.biosleep.android.R$string
com.softnuke.biosleep.android.R$style
...
com.badlogic.gdx.utils.ObjectFloatMap$MapIterator
com.badlogic.gdx.utils.ObjectFloatMap$Values
com.badlogic.gdx.utils.ObjectIntMap:
    private static final int PRIME1
    private static final int PRIME2
    private static final int PRIME3
    private com.badlogic.gdx.utils.ObjectIntMap$Values values1
    private com.badlogic.gdx.utils.ObjectIntMap$Values values2
    private com.badlogic.gdx.utils.ObjectIntMap$Keys keys1
    private com.badlogic.gdx.utils.ObjectIntMap$Keys keys2
    60:61:public ObjectIntMap(int)
    85:90:public ObjectIntMap(com.badlogic.gdx.utils.ObjectIntMap)
    153:155:public void putAll(com.badlogic.gdx.utils.ObjectIntMap)
    300:311:public int getAndIncrement(java.lang.Object,int,int)
    315:323:private int getAndIncrementStash(java.lang.Object,int,int)
    327:352:public int remove(java.lang.Object,int)
    356:365:int removeStash(java.lang.Object,int)
    381:386:public void shrink(int)
    390:396:public void clear(int)
    410:414:public boolean containsValue(int)
    441:445:public java.lang.Object findKey(int)
    451:453:public void ensureCapacity(int)
    580:593:public com.badlogic.gdx.utils.ObjectIntMap$Values values()
    599:612:public com.badlogic.gdx.utils.ObjectIntMap$Keys keys()
com.badlogic.gdx.utils.ObjectIntMap$Keys
com.badlogic.gdx.utils.ObjectIntMap$Values
com.badlogic.gdx.utils.ObjectMap:
    private static final int PRIME1
    private static final int PRIME2
    private static final int PRIME3
    85:90:public ObjectMap(com.badlogic.gdx.utils.ObjectMap)
    163:166:public void putAll(com.badlogic.gdx.utils.ObjectMap)
    309:318:public java.lang.Object get(java.lang.Object,java.lang.Object)
    322:325:private java.lang.Object getStash(java.lang.Object,java.lang.Object)
    388:393:public void shrink(int)
    397:403:public void clear(int)
    422:434:public boolean containsValue(java.lang.Object,boolean)
    480:482:public void ensureCapacity(int)
    565:565:public java.lang.String toString(java.lang.String)
com.badlogic.gdx.utils.ObjectSet:
    private static final int PRIME1
    private static final int PRIME2
    private static final int PRIME3
    81:85:public ObjectSet(com.badlogic.gdx.utils.ObjectSet)
    135:136:public void addAll(com.badlogic.gdx.utils.Array)
    139:142:public void addAll(com.badlogic.gdx.utils.Array,int,int)
    145:146:public varargs void addAll(java.lang.Object[])
    149:152:public void addAll(java.lang.Object[],int,int)
    312:317:public void shrink(int)
    467:469:public static varargs com.badlogic.gdx.utils.ObjectSet with(java.lang.Object[])
com.badlogic.gdx.utils.ObjectSet$ObjectSetIterator:
    534:536:public com.badlogic.gdx.utils.Array toArray(com.badlogic.gdx.utils.Array)
    541:541:public com.badlogic.gdx.utils.Array toArray()
com.badlogic.gdx.utils.OrderedMap:
    40:42:public OrderedMap(int)
    45:47:public OrderedMap(int,float)
    50:52:public OrderedMap(com.badlogic.gdx.utils.ObjectMap)
    65:67:public void clear(int)
    75:75:public com.badlogic.gdx.utils.Array orderedKeys()
com.badlogic.gdx.utils.OrderedSet:
    34:36:public OrderedSet(int,float)
    39:41:public OrderedSet(int)
    44:47:public OrderedSet(com.badlogic.gdx.utils.OrderedSet)
    70:70:public com.badlogic.gdx.utils.Array orderedItems()
com.badlogic.gdx.utils.PauseableThread
com.badlogic.gdx.utils.PerformanceCounter:
    private static final float nano2seconds
    58:61:public void tick()
    66:78:public void tick(float)
com.badlogic.gdx.utils.PerformanceCounters
com.badlogic.gdx.utils.PooledLinkedList
com.badlogic.gdx.utils.PooledLinkedList$1
com.badlogic.gdx.utils.PooledLinkedList$Item
com.badlogic.gdx.utils.Pools:
    43:44:public static void set(java.lang.Class,com.badlogic.gdx.utils.Pool)
    62:63:public static void freeAll(com.badlogic.gdx.utils.Array)
    82:83:private Pools()
com.badlogic.gdx.utils.Predicate
com.badlogic.gdx.utils.Predicate$PredicateIterable
com.badlogic.gdx.utils.Predicate$PredicateIterator